This is TeX, Version 3.14159 (C version 6.1) (format=latex 98.1.6)  18 MAY 1999 11:17
**./images.tex
(images.tex
LaTeX2e <1996/12/01> patch level 1
Babel <v3.6h> and hyphenation patterns for american, german, loaded.

(/opt/TeX/texmf/tex/latex/base/article.cls
Document Class: article 1996/10/31 v1.3u Standard LaTeX document class
(/opt/TeX/texmf/tex/latex/base/size12.clo
File: size12.clo 1996/10/31 v1.3u Standard LaTeX file (size option)
)
\c@part=\count79
\c@section=\count80
\c@subsection=\count81
\c@subsubsection=\count82
\c@paragraph=\count83
\c@subparagraph=\count84
\c@figure=\count85
\c@table=\count86
\abovecaptionskip=\skip41
\belowcaptionskip=\skip42
\bibindent=\dimen102
) (/opt/TeX/texmf/tex/generic/dvips/epsf.tex
This is `epsf.tex' v2.7k <10 July 1997>
\epsffilein=\read1
\epsfframemargin=\dimen103
\epsfframethickness=\dimen104
\epsfrsize=\dimen105
\epsftmp=\dimen106
\epsftsize=\dimen107
\epsfxsize=\dimen108
\epsfysize=\dimen109
\pspoints=\dimen110
\epsfnoopenhelp=\toks14
) (/opt/TeX/texmf/tex/latex/graphics/color.sty
Package: color 1997/01/07 v1.0d Standard LaTeX Color (DPC)
(/opt/TeX/texmf/tex/latex/config/color.cfg)
Package color Info: Driver file: dvips.def on input line 128.
(/opt/TeX/texmf/tex/latex/graphics/dvips.def
File: dvips.def 1996/12/12 v3.0d Driver-dependant file (DPC,SPQR)
) (/opt/TeX/texmf/tex/latex/graphics/dvipsnam.def
File: dvipsnam.def 1996/12/12 v3.0d Driver-dependant file (DPC,SPQR)
))
\sizebox=\box26
\lthtmlwrite=\write3
No file images.aux.
LaTeX Font Info:    Checking defaults for OML/cmm/m/it on input line 103.
LaTeX Font Info:    ... okay on input line 103.
LaTeX Font Info:    Checking defaults for T1/cmr/m/n on input line 103.
LaTeX Font Info:    ... okay on input line 103.
LaTeX Font Info:    Checking defaults for OT1/cmr/m/n on input line 103.
LaTeX Font Info:    ... okay on input line 103.
LaTeX Font Info:    Checking defaults for OMS/cmsy/m/n on input line 103.
LaTeX Font Info:    ... okay on input line 103.
LaTeX Font Info:    Checking defaults for OMX/cmex/m/n on input line 103.
LaTeX Font Info:    ... okay on input line 103.
LaTeX Font Info:    Checking defaults for U/cmr/m/n on input line 103.
LaTeX Font Info:    ... okay on input line 103.
latex2htmlLength hsize=349.0pt
latex2htmlLength vsize=734.43pt
latex2htmlLength hoffset=0.0pt
latex2htmlLength voffset=0.0pt
latex2htmlLength topmargin=0.0pt
latex2htmlLength topskip=0.00003pt
latex2htmlLength headheight=0.0pt
latex2htmlLength headsep=0.0pt
latex2htmlLength parskip=5.16667pt
latex2htmlLength oddsidemargin=39.0pt
latex2htmlLength evensidemargin=39.0pt

Overfull \hbox (49.95699pt too wide) in paragraph at lines 121--121
 [] 
 []

l2hSize :figure307:440.79134pt::0.0pt::349.0pt.
[1


]
LaTeX Font Info:    External font `cmex10' loaded for size
(Font)              <12> on input line 129.
LaTeX Font Info:    External font `cmex10' loaded for size
(Font)              <8> on input line 129.
LaTeX Font Info:    External font `cmex10' loaded for size
(Font)              <6> on input line 129.
l2hSize :eqnarraystar319:49.5pt::0.0pt::349.0pt.
[2


]
l2hSize :eqnarraystar339:49.5pt::0.0pt::349.0pt.
[3


]
l2hSize :eqnarraystar341:119.5pt::0.0pt::349.0pt.
[4


]
l2hSize :eqnarraystar343:102.0pt::0.0pt::349.0pt.
[5


]
l2hSize :figure345:297.52756pt::0.0pt::349.0pt.
[6


]
l2hSize :tex2html_wrap_inline523:7.75pt::0.0pt::4.7444pt.
[7


]
l2hSize :displaymath388:17.52216pt::0.0pt::349.0pt.
[8


]
l2hSize :displaymath390:17.52216pt::0.0pt::349.0pt.
[9


]
l2hSize :eqnarraystar353:67.0pt::0.0pt::349.0pt.
[10


]
l2hSize :figure355:297.52756pt::0.0pt::349.0pt.
[11


]
l2hSize :tex2html_wrap_inline525:8.7pt::8.7pt::36.26846pt.
[12


]
l2hSize :eqnarraystar363:49.5pt::0.0pt::349.0pt.
[13


]
l2hSize :displaymath394:19.07771pt::0.0pt::349.0pt.
[14


]
l2hSize :eqnarraystar365:67.0pt::0.0pt::349.0pt.
[15


]
l2hSize :eqnarraystar367:67.0pt::0.0pt::349.0pt.
[16


]
l2hSize :figure369:297.52756pt::0.0pt::349.0pt.
[17


]
l2hSize :eqnarraystar377:49.5pt::0.0pt::349.0pt.
[18


]
l2hSize :eqnarraystar379:102.0pt::0.0pt::349.0pt.
[19


]
l2hSize :eqnarraystar381:49.5pt::0.0pt::349.0pt.
[20


]
l2hSize :tex2html_wrap_inline535:9.5pt::9.5pt::47.69196pt.
[21


]
l2hSize :displaymath399:19.02216pt::0.0pt::349.0pt.
[22


]
l2hSize :displaymath400:19.02216pt::0.0pt::349.0pt.
[23


] (images.aux) ) 
Here is how much of TeX's memory you used:
 623 strings out of 10906
 7296 string characters out of 72314
 51375 words of memory out of 262141
 3540 multiletter control sequences out of 9500
 6376 words of font info for 23 fonts, out of 150000 for 255
 14 hyphenation exceptions out of 607
 22i,7n,21p,195b,297s stack positions out of 300i,40n,60p,3000b,4000s

Output written on images.dvi (23 pages, 10296 bytes).
